<?xml version="1.0" encoding="UTF-8"?>
<testsuites name="Test Suite" time="93.646" tests="1" failures="1" errors="0">
   <testsuite name="Test Suite" tests="1" failures="1" errors="0" time="93.646" skipped="0" timestamp="2021-10-30 17:09:16" hostname="62822 - LAPTOP-8D6D4H23" id="Test Suites/Test Suite">
      <properties>
         <property name="deviceName" value=""/>
         <property name="devicePlatform" value=""/>
         <property name="logFolder" value="D:\\Skill Test\\SkillTestEfishery\\Reports\\20211030_170906\\Test Suite\\20211030_170906"/>
         <property name="logFiles" value="D:\\Skill Test\\SkillTestEfishery\\Reports\\20211030_170906\\Test Suite\\20211030_170906\\execution0.log"/>
         <property name="attachments" value="D:\\Skill Test\\SkillTestEfishery\\Reports\\20211030_170906\\Test Suite\\20211030_170906\\1635588615350.png"/>
         <property name="hostName" value="62822 - LAPTOP-8D6D4H23"/>
         <property name="os" value="Windows 10 64bit"/>
         <property name="katalonVersion" value="8.1.0.208"/>
         <property name="browser" value="Chrome 95.0.4638.54"/>
         <property name="hostAddress" value="192.168.100.243"/>
         <property name="sessionId" value="9689c8998d0e7329c2e60d55349269c1"/>
         <property name="seleniumVersion" value="3.141.59"/>
         <property name="proxyInformation" value="ProxyInformation { proxyOption=NO_PROXY, proxyServerType=HTTP, username=, password=********, proxyServerAddress=, proxyServerPort=0, executionList=&quot;&quot;, isApplyToDesiredCapabilities=true }"/>
         <property name="platform" value="Windows 10"/>
      </properties>
      <testcase name="Test Cases/RunLoginFeature" time="92.821" classname="Test Cases/RunLoginFeature" status="FAILED">
         <failure type="FAILED" message="Test Cases/RunLoginFeature FAILED.
Reason:
com.kms.katalon.core.exception.StepFailedException: Run feature folder 'Include/features' failed
	at com.kms.katalon.core.keyword.internal.KeywordMain.stepFailed(KeywordMain.groovy:50)
	at com.kms.katalon.core.keyword.internal.KeywordMain.stepFailed(KeywordMain.groovy)
	at com.kms.katalon.core.keyword.internal.KeywordMain.stepFailed(KeywordMain.groovy:23)
	at com.kms.katalon.core.keyword.internal.KeywordMain$stepFailed$0.call(Unknown Source)
	at com.kms.katalon.core.cucumber.keyword.CucumberBuiltinKeywords$_runFeatureFolder_closure3.doCall(CucumberBuiltinKeywords.groovy:365)
	at com.kms.katalon.core.cucumber.keyword.CucumberBuiltinKeywords$_runFeatureFolder_closure3.doCall(CucumberBuiltinKeywords.groovy)
	at com.kms.katalon.core.keyword.internal.KeywordMain.runKeyword(KeywordMain.groovy:74)
	at com.kms.katalon.core.keyword.internal.KeywordMain.runKeyword(KeywordMain.groovy:68)
	at com.kms.katalon.core.keyword.internal.KeywordMain$runKeyword.call(Unknown Source)
	at com.kms.katalon.core.cucumber.keyword.CucumberBuiltinKeywords.runFeatureFolder(CucumberBuiltinKeywords.groovy:328)
	at com.kms.katalon.core.cucumber.keyword.CucumberBuiltinKeywords$runFeatureFolder$0.callStatic(Unknown Source)
	at com.kms.katalon.core.cucumber.keyword.CucumberBuiltinKeywords.runFeatureFolder(CucumberBuiltinKeywords.groovy:494)
	at com.kms.katalon.core.cucumber.keyword.CucumberBuiltinKeywords$runFeatureFolder.call(Unknown Source)
	at RunLoginFeature.run(RunLoginFeature:20)
	at com.kms.katalon.core.main.ScriptEngine.run(ScriptEngine.java:194)
	at com.kms.katalon.core.main.ScriptEngine.runScriptAsRawText(ScriptEngine.java:119)
	at com.kms.katalon.core.main.TestCaseExecutor.runScript(TestCaseExecutor.java:430)
	at com.kms.katalon.core.main.TestCaseExecutor.doExecute(TestCaseExecutor.java:421)
	at com.kms.katalon.core.main.TestCaseExecutor.processExecutionPhase(TestCaseExecutor.java:400)
	at com.kms.katalon.core.main.TestCaseExecutor.accessMainPhase(TestCaseExecutor.java:392)
	at com.kms.katalon.core.main.TestCaseExecutor.execute(TestCaseExecutor.java:273)
	at com.kms.katalon.core.main.TestSuiteExecutor.accessTestCaseMainPhase(TestSuiteExecutor.java:202)
	at com.kms.katalon.core.main.TestSuiteExecutor.accessTestSuiteMainPhase(TestSuiteExecutor.java:164)
	at com.kms.katalon.core.main.TestSuiteExecutor.execute(TestSuiteExecutor.java:105)
	at com.kms.katalon.core.main.TestCaseMain.startTestSuite(TestCaseMain.java:185)
	at com.kms.katalon.core.main.TestCaseMain$startTestSuite$0.call(Unknown Source)
	at TempTestSuite1635588546452.run(TempTestSuite1635588546452.groovy:36)
"/>
         <system-out><![CDATA[2021-10-30 17:09:16 - [TEST_CASE][FAILED] - Test Cases/RunLoginFeature: Test Cases/RunLoginFeature FAILED.
Reason:
com.kms.katalon.core.exception.StepFailedException: Run feature folder 'Include/features' failed
	at com.kms.katalon.core.keyword.internal.KeywordMain.stepFailed(KeywordMain.groovy:50)
	at com.kms.katalon.core.keyword.internal.KeywordMain.stepFailed(KeywordMain.groovy)
	at com.kms.katalon.core.keyword.internal.KeywordMain.stepFailed(KeywordMain.groovy:23)
	at com.kms.katalon.core.keyword.internal.KeywordMain$stepFailed$0.call(Unknown Source)
	at com.kms.katalon.core.cucumber.keyword.CucumberBuiltinKeywords$_runFeatureFolder_closure3.doCall(CucumberBuiltinKeywords.groovy:365)
	at com.kms.katalon.core.cucumber.keyword.CucumberBuiltinKeywords$_runFeatureFolder_closure3.doCall(CucumberBuiltinKeywords.groovy)
	at com.kms.katalon.core.keyword.internal.KeywordMain.runKeyword(KeywordMain.groovy:74)
	at com.kms.katalon.core.keyword.internal.KeywordMain.runKeyword(KeywordMain.groovy:68)
	at com.kms.katalon.core.keyword.internal.KeywordMain$runKeyword.call(Unknown Source)
	at com.kms.katalon.core.cucumber.keyword.CucumberBuiltinKeywords.runFeatureFolder(CucumberBuiltinKeywords.groovy:328)
	at com.kms.katalon.core.cucumber.keyword.CucumberBuiltinKeywords$runFeatureFolder$0.callStatic(Unknown Source)
	at com.kms.katalon.core.cucumber.keyword.CucumberBuiltinKeywords.runFeatureFolder(CucumberBuiltinKeywords.groovy:494)
	at com.kms.katalon.core.cucumber.keyword.CucumberBuiltinKeywords$runFeatureFolder.call(Unknown Source)
	at RunLoginFeature.run(RunLoginFeature:20)
	at com.kms.katalon.core.main.ScriptEngine.run(ScriptEngine.java:194)
	at com.kms.katalon.core.main.ScriptEngine.runScriptAsRawText(ScriptEngine.java:119)
	at com.kms.katalon.core.main.TestCaseExecutor.runScript(TestCaseExecutor.java:430)
	at com.kms.katalon.core.main.TestCaseExecutor.doExecute(TestCaseExecutor.java:421)
	at com.kms.katalon.core.main.TestCaseExecutor.processExecutionPhase(TestCaseExecutor.java:400)
	at com.kms.katalon.core.main.TestCaseExecutor.accessMainPhase(TestCaseExecutor.java:392)
	at com.kms.katalon.core.main.TestCaseExecutor.execute(TestCaseExecutor.java:273)
	at com.kms.katalon.core.main.TestSuiteExecutor.accessTestCaseMainPhase(TestSuiteExecutor.java:202)
	at com.kms.katalon.core.main.TestSuiteExecutor.accessTestSuiteMainPhase(TestSuiteExecutor.java:164)
	at com.kms.katalon.core.main.TestSuiteExecutor.execute(TestSuiteExecutor.java:105)
	at com.kms.katalon.core.main.TestCaseMain.startTestSuite(TestCaseMain.java:185)
	at com.kms.katalon.core.main.TestCaseMain$startTestSuite$0.call(Unknown Source)
	at TempTestSuite1635588546452.run(TempTestSuite1635588546452.groovy:36)


2021-10-30 17:09:17 - [TEST_STEP][FAILED] - runFeatureFolder("Include/features"): Keyword runFeatureFolder was failed (Root cause: com.kms.katalon.core.exception.StepFailedException: Run feature folder 'Include/features' failed
	at com.kms.katalon.core.keyword.internal.KeywordMain.stepFailed(KeywordMain.groovy:50)
	at com.kms.katalon.core.keyword.internal.KeywordMain.stepFailed(KeywordMain.groovy)
	at com.kms.katalon.core.keyword.internal.KeywordMain.stepFailed(KeywordMain.groovy:23)
	at com.kms.katalon.core.keyword.internal.KeywordMain$stepFailed$0.call(Unknown Source)
	at com.kms.katalon.core.cucumber.keyword.CucumberBuiltinKeywords$_runFeatureFolder_closure3.doCall(CucumberBuiltinKeywords.groovy:365)
	at com.kms.katalon.core.cucumber.keyword.CucumberBuiltinKeywords$_runFeatureFolder_closure3.doCall(CucumberBuiltinKeywords.groovy)
	at com.kms.katalon.core.keyword.internal.KeywordMain.runKeyword(KeywordMain.groovy:74)
	at com.kms.katalon.core.keyword.internal.KeywordMain.runKeyword(KeywordMain.groovy:68)
	at com.kms.katalon.core.keyword.internal.KeywordMain$runKeyword.call(Unknown Source)
	at com.kms.katalon.core.cucumber.keyword.CucumberBuiltinKeywords.runFeatureFolder(CucumberBuiltinKeywords.groovy:328)
	at com.kms.katalon.core.cucumber.keyword.CucumberBuiltinKeywords$runFeatureFolder$0.callStatic(Unknown Source)
	at com.kms.katalon.core.cucumber.keyword.CucumberBuiltinKeywords.runFeatureFolder(CucumberBuiltinKeywords.groovy:494)
	at com.kms.katalon.core.cucumber.keyword.CucumberBuiltinKeywords$runFeatureFolder.call(Unknown Source)
	at RunLoginFeature.run(RunLoginFeature:20)
	at com.kms.katalon.core.main.ScriptEngine.run(ScriptEngine.java:194)
	at com.kms.katalon.core.main.ScriptEngine.runScriptAsRawText(ScriptEngine.java:119)
	at com.kms.katalon.core.main.TestCaseExecutor.runScript(TestCaseExecutor.java:430)
	at com.kms.katalon.core.main.TestCaseExecutor.doExecute(TestCaseExecutor.java:421)
	at com.kms.katalon.core.main.TestCaseExecutor.processExecutionPhase(TestCaseExecutor.java:400)
	at com.kms.katalon.core.main.TestCaseExecutor.accessMainPhase(TestCaseExecutor.java:392)
	at com.kms.katalon.core.main.TestCaseExecutor.execute(TestCaseExecutor.java:273)
	at com.kms.katalon.core.main.TestSuiteExecutor.accessTestCaseMainPhase(TestSuiteExecutor.java:202)
	at com.kms.katalon.core.main.TestSuiteExecutor.accessTestSuiteMainPhase(TestSuiteExecutor.java:164)
	at com.kms.katalon.core.main.TestSuiteExecutor.execute(TestSuiteExecutor.java:105)
	at com.kms.katalon.core.main.TestCaseMain.startTestSuite(TestCaseMain.java:185)
	at com.kms.katalon.core.main.TestCaseMain$startTestSuite$0.call(Unknown Source)
	at TempTestSuite1635588546452.run(TempTestSuite1635588546452.groovy:36)
)

2021-10-30 17:09:17 - [MESSAGE][INFO] - Starting run keyword runFeatureFolder: 'Include/features' and extract report to folder: 'D:\Skill Test\SkillTestEfishery\Reports\20211030_170906\Test Suite\20211030_170906/cucumber_report/1635588557118'...

2021-10-30 17:09:17 - [MESSAGE][INFO] - Starting 'Chrome' driver

2021-10-30 17:09:17 - [MESSAGE][INFO] - Action delay is set to 0 milliseconds

2021-10-30 17:09:19 - [MESSAGE][PASSED] - Browser is opened with url: ''

2021-10-30 17:09:19 - [MESSAGE][PASSED] - Current window maximized

2021-10-30 17:09:22 - [MESSAGE][PASSED] - Navigate to 'https://music.youtube.com/' successfully

2021-10-30 17:09:22 - [MESSAGE][PASSED] - Object: 'Object Repository/NewExplore/Page Explore/ButtonExplore' is clicked on

2021-10-30 17:09:23 - [MESSAGE][WARNING] - Timeout '0' is invalid. Using default page load timeout: '30'

2021-10-30 17:09:24 - [MESSAGE][PASSED] - Object 'Object Repository/NewExplore/Page Explore/VerifyElementNewRelease' is present

2021-10-30 17:09:24 - [MESSAGE][WARNING] - Timeout '0' is invalid. Using default page load timeout: '30'

2021-10-30 17:09:24 - [MESSAGE][PASSED] - Object 'Object Repository/NewExplore/Page Explore/VerifyElementCharts' is present

2021-10-30 17:09:25 - [MESSAGE][WARNING] - Timeout '0' is invalid. Using default page load timeout: '30'

2021-10-30 17:09:25 - [MESSAGE][PASSED] - Object 'Object Repository/NewExplore/Page Explore/VerifyElementMoodsnGenres' is present

2021-10-30 17:09:25 - [MESSAGE][PASSED] - Object: 'Object Repository/NewExplore/Page Explore/ButtonNew releases' is clicked on

2021-10-30 17:09:27 - [MESSAGE][PASSED] - Object: 'Object Repository/NewExplore/Page Explore/AlbumDetails' is clicked on

2021-10-30 17:09:28 - [MESSAGE][PASSED] - Object: 'Object Repository/NewExplore/Page Explore/ButtonExplore' is clicked on

2021-10-30 17:09:29 - [MESSAGE][PASSED] - Object: 'Object Repository/NewExplore/Page Explore/ButtonCharts' is clicked on

2021-10-30 17:09:32 - [MESSAGE][PASSED] - Delayed 3 second(s)

2021-10-30 17:09:33 - [MESSAGE][PASSED] - Object: 'Object Repository/NewExplore/Page Explore/OpenDropdown' is clicked on

2021-10-30 17:09:35 - [MESSAGE][PASSED] - Delayed 2 second(s)

2021-10-30 17:09:35 - [MESSAGE][PASSED] - Object: 'Object Repository/NewExplore/Page Explore/ChooseGlobal' is clicked on

2021-10-30 17:09:36 - [MESSAGE][PASSED] - Object: 'Object Repository/NewExplore/Page Explore/AllTopVideos' is clicked on

2021-10-30 17:09:38 - [MESSAGE][PASSED] - Object: 'Object Repository/NewExplore/Page Explore/ButtonExplore' is clicked on

2021-10-30 17:09:39 - [MESSAGE][PASSED] - Object: 'Object Repository/NewExplore/Page Explore/ButtonMoodsGenres' is clicked on

2021-10-30 17:09:40 - [MESSAGE][PASSED] - Object: 'Object Repository/NewExplore/Page Explore/ButtonCommute' is clicked on

2021-10-30 17:09:43 - [MESSAGE][PASSED] - Delayed 3 second(s)

2021-10-30 17:09:43 - [MESSAGE][PASSED] - Navigate back successfully

2021-10-30 17:09:44 - [MESSAGE][PASSED] - Object: 'Object Repository/NewExplore/Page Explore/ButtonAfrican' is clicked on

2021-10-30 17:09:47 - [MESSAGE][PASSED] - Delayed 3 second(s)

2021-10-30 17:09:48 - [MESSAGE][PASSED] - Browser is closed

2021-10-30 17:09:48 - [MESSAGE][INFO] - Starting 'Chrome' driver

2021-10-30 17:09:48 - [MESSAGE][INFO] - Action delay is set to 0 milliseconds

2021-10-30 17:09:49 - [MESSAGE][PASSED] - Browser is opened with url: ''

2021-10-30 17:09:49 - [MESSAGE][PASSED] - Current window maximized

2021-10-30 17:09:52 - [MESSAGE][PASSED] - Navigate to 'https://music.youtube.com/' successfully

2021-10-30 17:09:52 - [MESSAGE][WARNING] - Timeout '0' is invalid. Using default page load timeout: '30'

2021-10-30 17:09:53 - [MESSAGE][PASSED] - Object 'Object Repository/NewHome/HomePage/VerifyHomeElement' is present

2021-10-30 17:09:53 - [MESSAGE][PASSED] - Object: 'Object Repository/NewHome/HomePage/ButtonPlay' is clicked on

2021-10-30 17:10:03 - [MESSAGE][PASSED] - Delayed 10 second(s)

2021-10-30 17:10:04 - [MESSAGE][PASSED] - Browser is closed

2021-10-30 17:10:04 - [MESSAGE][INFO] - Starting 'Chrome' driver

2021-10-30 17:10:04 - [MESSAGE][INFO] - Action delay is set to 0 milliseconds

2021-10-30 17:10:05 - [MESSAGE][PASSED] - Browser is opened with url: ''

2021-10-30 17:10:05 - [MESSAGE][PASSED] - Current window maximized

2021-10-30 17:10:08 - [MESSAGE][PASSED] - Navigate to 'https://music.youtube.com/' successfully

2021-10-30 17:10:11 - [MESSAGE][PASSED] - Object: 'Object Repository/Login/Page_YouTube Music/SignInButton' is clicked on

2021-10-30 17:10:13 - [MESSAGE][PASSED] - Text 'Hilmi.aziz07@gmail.com' is set on object 'Object Repository/Login/Page Login/FieldEmail'

2021-10-30 17:10:13 - [MESSAGE][PASSED] - Object: 'Object Repository/Login/Page Login/span_Next' is clicked on

2021-10-30 17:10:15 - [MESSAGE][FAILED] - Unable to set encrypted text for object 'Object Repository/Login/Page Login/FieldEmail' (Root cause: com.kms.katalon.core.exception.StepFailedException: Unable to set encrypted text for object 'Object Repository/Login/Page Login/FieldEmail'
	at com.kms.katalon.core.webui.keyword.internal.WebUIKeywordMain.stepFailed(WebUIKeywordMain.groovy:64)
	at com.kms.katalon.core.webui.keyword.internal.WebUIKeywordMain.runKeyword(WebUIKeywordMain.groovy:26)
	at com.kms.katalon.core.webui.keyword.builtin.SetEncryptedTextKeyword.setEncryptedText(SetEncryptedTextKeyword.groovy:65)
	at com.kms.katalon.core.webui.keyword.builtin.SetEncryptedTextKeyword.execute(SetEncryptedTextKeyword.groovy:34)
	at com.kms.katalon.core.keyword.internal.KeywordExecutor.executeKeywordForPlatform(KeywordExecutor.groovy:74)
	at com.kms.katalon.core.webui.keyword.WebUiBuiltInKeywords.setEncryptedText(WebUiBuiltInKeywords.groovy:1011)
	at com.kms.katalon.core.webui.keyword.WebUiBuiltInKeywords$setEncryptedText$7.call(Unknown Source)
	at Login.InputData(Login.groovy:66)
	at cucumber.runtime.Utils$1.call(Utils.java:26)
	at cucumber.runtime.Timeout.timeout(Timeout.java:16)
	at cucumber.runtime.Utils.invoke(Utils.java:20)
	at cucumber.runtime.java.JavaStepDefinition.execute(JavaStepDefinition.java:48)
	at cucumber.runtime.PickleStepDefinitionMatch.runStep(PickleStepDefinitionMatch.java:50)
	at cucumber.runner.TestStep.executeStep(TestStep.java:65)
	at cucumber.runner.TestStep.run(TestStep.java:47)
	at cucumber.runner.PickleStepTestStep.run(PickleStepTestStep.java:53)
	at cucumber.runner.TestCase.run(TestCase.java:47)
	at cucumber.runner.Runner.runPickle(Runner.java:44)
	at cucumber.runtime.Runtime.runFeature(Runtime.java:120)
	at cucumber.runtime.Runtime.run(Runtime.java:106)
	at cucumber.api.cli.Main.run(Main.java:35)
	at cucumber.api.cli.Main$run.call(Unknown Source)
	at com.kms.katalon.core.cucumber.keyword.CucumberBuiltinKeywords$_runFeatureFolder_closure3.doCall(CucumberBuiltinKeywords.groovy:359)
	at com.kms.katalon.core.cucumber.keyword.CucumberBuiltinKeywords$_runFeatureFolder_closure3.doCall(CucumberBuiltinKeywords.groovy)
	at com.kms.katalon.core.keyword.internal.KeywordMain.runKeyword(KeywordMain.groovy:74)
	at com.kms.katalon.core.keyword.internal.KeywordMain.runKeyword(KeywordMain.groovy:68)
	at com.kms.katalon.core.keyword.internal.KeywordMain$runKeyword.call(Unknown Source)
	at com.kms.katalon.core.cucumber.keyword.CucumberBuiltinKeywords.runFeatureFolder(CucumberBuiltinKeywords.groovy:328)
	at com.kms.katalon.core.cucumber.keyword.CucumberBuiltinKeywords$runFeatureFolder$0.callStatic(Unknown Source)
	at com.kms.katalon.core.cucumber.keyword.CucumberBuiltinKeywords.runFeatureFolder(CucumberBuiltinKeywords.groovy:494)
	at com.kms.katalon.core.cucumber.keyword.CucumberBuiltinKeywords$runFeatureFolder.call(Unknown Source)
	at RunLoginFeature.run(RunLoginFeature:20)
	at com.kms.katalon.core.main.ScriptEngine.run(ScriptEngine.java:194)
	at com.kms.katalon.core.main.ScriptEngine.runScriptAsRawText(ScriptEngine.java:119)
	at com.kms.katalon.core.main.TestCaseExecutor.runScript(TestCaseExecutor.java:430)
	at com.kms.katalon.core.main.TestCaseExecutor.doExecute(TestCaseExecutor.java:421)
	at com.kms.katalon.core.main.TestCaseExecutor.processExecutionPhase(TestCaseExecutor.java:400)
	at com.kms.katalon.core.main.TestCaseExecutor.accessMainPhase(TestCaseExecutor.java:392)
	at com.kms.katalon.core.main.TestCaseExecutor.execute(TestCaseExecutor.java:273)
	at com.kms.katalon.core.main.TestSuiteExecutor.accessTestCaseMainPhase(TestSuiteExecutor.java:202)
	at com.kms.katalon.core.main.TestSuiteExecutor.accessTestSuiteMainPhase(TestSuiteExecutor.java:164)
	at com.kms.katalon.core.main.TestSuiteExecutor.execute(TestSuiteExecutor.java:105)
	at com.kms.katalon.core.main.TestCaseMain.startTestSuite(TestCaseMain.java:185)
	at com.kms.katalon.core.main.TestCaseMain$startTestSuite$0.call(Unknown Source)
	at TempTestSuite1635588546452.run(TempTestSuite1635588546452.groovy:36)
Caused by: org.openqa.selenium.InvalidElementStateException: invalid element state
  (Session info: chrome=95.0.4638.54)
Build info: version: '3.141.59', revision: 'e82be7d358', time: '2018-11-14T08:25:53'
System info: host: 'LAPTOP-8D6D4H23', ip: '192.168.100.243', os.name: 'Windows 10', os.arch: 'amd64', os.version: '10.0', java.version: '1.8.0_181'
Driver info: com.kms.katalon.selenium.driver.CChromeDriver
Capabilities {acceptInsecureCerts: false, browserName: chrome, browserVersion: 95.0.4638.54, chrome: {chromedriverVersion: 94.0.4606.61 (418b78f5838ed..., userDataDir: C:\Users\62822\AppData\Loca...}, goog:chromeOptions: {debuggerAddress: localhost:59364}, javascriptEnabled: true, networkConnectionEnabled: false, pageLoadStrategy: normal, platform: WINDOWS, platformName: WINDOWS, proxy: Proxy(), setWindowRect: true, strictFileInteractability: false, timeouts: {implicit: 0, pageLoad: 300000, script: 30000}, unhandledPromptBehavior: dismiss and notify, webauthn:extension:credBlob: true, webauthn:extension:largeBlob: true, webauthn:virtualAuthenticators: true}
Session ID: 178eb0e88bf03239bf85877bd55aea3a
	at org.openqa.selenium.remote.http.W3CHttpResponseCodec.createException(W3CHttpResponseCodec.java:187)
	at org.openqa.selenium.remote.http.W3CHttpResponseCodec.decode(W3CHttpResponseCodec.java:122)
	at org.openqa.selenium.remote.http.W3CHttpResponseCodec.decode(W3CHttpResponseCodec.java:49)
	at org.openqa.selenium.remote.HttpCommandExecutor.execute(HttpCommandExecutor.java:158)
	at org.openqa.selenium.remote.service.DriverCommandExecutor.execute(DriverCommandExecutor.java:83)
	at org.openqa.selenium.remote.RemoteWebDriver.execute(RemoteWebDriver.java:552)
	at com.kms.katalon.selenium.driver.CChromeDriver.execute(CChromeDriver.java:19)
	at org.openqa.selenium.remote.RemoteWebElement.execute(RemoteWebElement.java:285)
	at org.openqa.selenium.remote.RemoteWebElement.clear(RemoteWebElement.java:124)
	at org.openqa.selenium.support.events.EventFiringWebDriver$EventFiringWebElement.lambda$new$0(EventFiringWebDriver.java:404)
	at com.sun.proxy.$Proxy18.clear(Unknown Source)
	at org.openqa.selenium.support.events.EventFiringWebDriver$EventFiringWebElement.clear(EventFiringWebDriver.java:436)
	at com.kms.katalon.core.webui.keyword.builtin.SetEncryptedTextKeyword$_setEncryptedText_closure1.doCall(SetEncryptedTextKeyword.groovy:54)
	at com.kms.katalon.core.webui.keyword.builtin.SetEncryptedTextKeyword$_setEncryptedText_closure1.call(SetEncryptedTextKeyword.groovy)
	at com.kms.katalon.core.webui.keyword.internal.WebUIKeywordMain.runKeyword(WebUIKeywordMain.groovy:20)
	at com.kms.katalon.core.webui.keyword.builtin.SetEncryptedTextKeyword.setEncryptedText(SetEncryptedTextKeyword.groovy:65)
	at com.kms.katalon.core.webui.keyword.builtin.SetEncryptedTextKeyword.execute(SetEncryptedTextKeyword.groovy:34)
	at com.kms.katalon.core.keyword.internal.KeywordExecutor.executeKeywordForPlatform(KeywordExecutor.groovy:74)
	at com.kms.katalon.core.webui.keyword.WebUiBuiltInKeywords.setEncryptedText(WebUiBuiltInKeywords.groovy:1011)
	at com.kms.katalon.core.webui.keyword.WebUiBuiltInKeywords$setEncryptedText$7.call(Unknown Source)
	at Login.InputData(Login.groovy:66)
	at cucumber.runtime.Utils$1.call(Utils.java:26)
	at cucumber.runtime.Timeout.timeout(Timeout.java:16)
	at cucumber.runtime.Utils.invoke(Utils.java:20)
	at cucumber.runtime.java.JavaStepDefinition.execute(JavaStepDefinition.java:48)
	at cucumber.runtime.PickleStepDefinitionMatch.runStep(PickleStepDefinitionMatch.java:50)
	at cucumber.runner.TestStep.executeStep(TestStep.java:65)
	at cucumber.runner.TestStep.run(TestStep.java:47)
	at cucumber.runner.PickleStepTestStep.run(PickleStepTestStep.java:53)
	at cucumber.runner.TestCase.run(TestCase.java:47)
	at cucumber.runner.Runner.runPickle(Runner.java:44)
	at cucumber.runtime.Runtime.runFeature(Runtime.java:120)
	at cucumber.runtime.Runtime.run(Runtime.java:106)
	at cucumber.api.cli.Main.run(Main.java:35)
	at cucumber.api.cli.Main$run.call(Unknown Source)
	at com.kms.katalon.core.cucumber.keyword.CucumberBuiltinKeywords$_runFeatureFolder_closure3.doCall(CucumberBuiltinKeywords.groovy:359)
	at com.kms.katalon.core.cucumber.keyword.CucumberBuiltinKeywords$_runFeatureFolder_closure3.doCall(CucumberBuiltinKeywords.groovy)
	at com.kms.katalon.core.keyword.internal.KeywordMain.runKeyword(KeywordMain.groovy:74)
	at com.kms.katalon.core.keyword.internal.KeywordMain.runKeyword(KeywordMain.groovy:68)
	at com.kms.katalon.core.keyword.internal.KeywordMain$runKeyword.call(Unknown Source)
	at com.kms.katalon.core.cucumber.keyword.CucumberBuiltinKeywords.runFeatureFolder(CucumberBuiltinKeywords.groovy:328)
	at com.kms.katalon.core.cucumber.keyword.CucumberBuiltinKeywords$runFeatureFolder$0.callStatic(Unknown Source)
	at com.kms.katalon.core.cucumber.keyword.CucumberBuiltinKeywords.runFeatureFolder(CucumberBuiltinKeywords.groovy:494)
	at com.kms.katalon.core.cucumber.keyword.CucumberBuiltinKeywords$runFeatureFolder.call(Unknown Source)
	at Script1635587050310.run(Script1635587050310.groovy:20)
	... 13 more
)
[[ATTACHMENT|D:\\Skill Test\\SkillTestEfishery\\Reports\\20211030_170906\\Test Suite\\20211030_170906\\1635588615350.png]]

2021-10-30 17:10:15 - [MESSAGE][WARNING] - A browser is already opened. Closing browser and opening a new one

2021-10-30 17:10:16 - [MESSAGE][INFO] - Starting 'Chrome' driver

2021-10-30 17:10:16 - [MESSAGE][INFO] - Action delay is set to 0 milliseconds

2021-10-30 17:10:17 - [MESSAGE][PASSED] - Browser is opened with url: ''

2021-10-30 17:10:17 - [MESSAGE][PASSED] - Current window maximized

2021-10-30 17:10:21 - [MESSAGE][PASSED] - Navigate to 'https://music.youtube.com/' successfully

2021-10-30 17:10:21 - [MESSAGE][PASSED] - Object: 'Object Repository/New Search/Page 3/SearchButton' is clicked on

2021-10-30 17:10:22 - [MESSAGE][PASSED] - Text 'Bruno Mars' is set on object 'Object Repository/New Search/Page 3/InputSearch'

2021-10-30 17:10:23 - [MESSAGE][PASSED] - Object: 'Object Repository/New Search/Page 3/ClickKeyword' is clicked on

2021-10-30 17:10:25 - [MESSAGE][PASSED] - Object: 'Object Repository/New Search/Page 3/ChooseArtist' is clicked on

2021-10-30 17:10:27 - [MESSAGE][PASSED] - Object: 'Object Repository/New Search/Page 3/PlayButton' is clicked on

2021-10-30 17:10:37 - [MESSAGE][PASSED] - Delayed 10 second(s)

2021-10-30 17:10:37 - [MESSAGE][PASSED] - Object: 'Object Repository/New Search/Page 1/PauseButton' is clicked on

2021-10-30 17:10:40 - [MESSAGE][PASSED] - Delayed 3 second(s)

2021-10-30 17:10:41 - [MESSAGE][PASSED] - Object: 'Object Repository/New Search/Page 3/NextButton' is clicked on

2021-10-30 17:10:47 - [MESSAGE][PASSED] - Delayed 6 second(s)

2021-10-30 17:10:47 - [MESSAGE][PASSED] - Object: 'Object Repository/New Search/Page 2/PreviousButton' is clicked on

2021-10-30 17:10:49 - [MESSAGE][PASSED] - Object: 'Object Repository/New Search/Page 2/PreviousButton' is clicked on

2021-10-30 17:10:49 - [MESSAGE][PASSED] - Browser is closed

2021-10-30 17:10:49 - [MESSAGE][FAILED] - Run feature folder 'Include/features' failed

2021-10-30 17:10:49 - [MESSAGE][FAILED] - Keyword runFeatureFolder was failed (Root cause: com.kms.katalon.core.exception.StepFailedException: Run feature folder 'Include/features' failed
	at com.kms.katalon.core.keyword.internal.KeywordMain.stepFailed(KeywordMain.groovy:50)
	at com.kms.katalon.core.keyword.internal.KeywordMain.stepFailed(KeywordMain.groovy)
	at com.kms.katalon.core.keyword.internal.KeywordMain.stepFailed(KeywordMain.groovy:23)
	at com.kms.katalon.core.keyword.internal.KeywordMain$stepFailed$0.call(Unknown Source)
	at com.kms.katalon.core.cucumber.keyword.CucumberBuiltinKeywords$_runFeatureFolder_closure3.doCall(CucumberBuiltinKeywords.groovy:365)
	at com.kms.katalon.core.cucumber.keyword.CucumberBuiltinKeywords$_runFeatureFolder_closure3.doCall(CucumberBuiltinKeywords.groovy)
	at com.kms.katalon.core.keyword.internal.KeywordMain.runKeyword(KeywordMain.groovy:74)
	at com.kms.katalon.core.keyword.internal.KeywordMain.runKeyword(KeywordMain.groovy:68)
	at com.kms.katalon.core.keyword.internal.KeywordMain$runKeyword.call(Unknown Source)
	at com.kms.katalon.core.cucumber.keyword.CucumberBuiltinKeywords.runFeatureFolder(CucumberBuiltinKeywords.groovy:328)
	at com.kms.katalon.core.cucumber.keyword.CucumberBuiltinKeywords$runFeatureFolder$0.callStatic(Unknown Source)
	at com.kms.katalon.core.cucumber.keyword.CucumberBuiltinKeywords.runFeatureFolder(CucumberBuiltinKeywords.groovy:494)
	at com.kms.katalon.core.cucumber.keyword.CucumberBuiltinKeywords$runFeatureFolder.call(Unknown Source)
	at RunLoginFeature.run(RunLoginFeature:20)
	at com.kms.katalon.core.main.ScriptEngine.run(ScriptEngine.java:194)
	at com.kms.katalon.core.main.ScriptEngine.runScriptAsRawText(ScriptEngine.java:119)
	at com.kms.katalon.core.main.TestCaseExecutor.runScript(TestCaseExecutor.java:430)
	at com.kms.katalon.core.main.TestCaseExecutor.doExecute(TestCaseExecutor.java:421)
	at com.kms.katalon.core.main.TestCaseExecutor.processExecutionPhase(TestCaseExecutor.java:400)
	at com.kms.katalon.core.main.TestCaseExecutor.accessMainPhase(TestCaseExecutor.java:392)
	at com.kms.katalon.core.main.TestCaseExecutor.execute(TestCaseExecutor.java:273)
	at com.kms.katalon.core.main.TestSuiteExecutor.accessTestCaseMainPhase(TestSuiteExecutor.java:202)
	at com.kms.katalon.core.main.TestSuiteExecutor.accessTestSuiteMainPhase(TestSuiteExecutor.java:164)
	at com.kms.katalon.core.main.TestSuiteExecutor.execute(TestSuiteExecutor.java:105)
	at com.kms.katalon.core.main.TestCaseMain.startTestSuite(TestCaseMain.java:185)
	at com.kms.katalon.core.main.TestCaseMain$startTestSuite$0.call(Unknown Source)
	at TempTestSuite1635588546452.run(TempTestSuite1635588546452.groovy:36)
)]]></system-out>
         <system-err><![CDATA[2021-10-30 17:09:16 - [TEST_CASE][FAILED] - Test Cases/RunLoginFeature: Test Cases/RunLoginFeature FAILED.
Reason:
com.kms.katalon.core.exception.StepFailedException: Run feature folder 'Include/features' failed
	at com.kms.katalon.core.keyword.internal.KeywordMain.stepFailed(KeywordMain.groovy:50)
	at com.kms.katalon.core.keyword.internal.KeywordMain.stepFailed(KeywordMain.groovy)
	at com.kms.katalon.core.keyword.internal.KeywordMain.stepFailed(KeywordMain.groovy:23)
	at com.kms.katalon.core.keyword.internal.KeywordMain$stepFailed$0.call(Unknown Source)
	at com.kms.katalon.core.cucumber.keyword.CucumberBuiltinKeywords$_runFeatureFolder_closure3.doCall(CucumberBuiltinKeywords.groovy:365)
	at com.kms.katalon.core.cucumber.keyword.CucumberBuiltinKeywords$_runFeatureFolder_closure3.doCall(CucumberBuiltinKeywords.groovy)
	at com.kms.katalon.core.keyword.internal.KeywordMain.runKeyword(KeywordMain.groovy:74)
	at com.kms.katalon.core.keyword.internal.KeywordMain.runKeyword(KeywordMain.groovy:68)
	at com.kms.katalon.core.keyword.internal.KeywordMain$runKeyword.call(Unknown Source)
	at com.kms.katalon.core.cucumber.keyword.CucumberBuiltinKeywords.runFeatureFolder(CucumberBuiltinKeywords.groovy:328)
	at com.kms.katalon.core.cucumber.keyword.CucumberBuiltinKeywords$runFeatureFolder$0.callStatic(Unknown Source)
	at com.kms.katalon.core.cucumber.keyword.CucumberBuiltinKeywords.runFeatureFolder(CucumberBuiltinKeywords.groovy:494)
	at com.kms.katalon.core.cucumber.keyword.CucumberBuiltinKeywords$runFeatureFolder.call(Unknown Source)
	at RunLoginFeature.run(RunLoginFeature:20)
	at com.kms.katalon.core.main.ScriptEngine.run(ScriptEngine.java:194)
	at com.kms.katalon.core.main.ScriptEngine.runScriptAsRawText(ScriptEngine.java:119)
	at com.kms.katalon.core.main.TestCaseExecutor.runScript(TestCaseExecutor.java:430)
	at com.kms.katalon.core.main.TestCaseExecutor.doExecute(TestCaseExecutor.java:421)
	at com.kms.katalon.core.main.TestCaseExecutor.processExecutionPhase(TestCaseExecutor.java:400)
	at com.kms.katalon.core.main.TestCaseExecutor.accessMainPhase(TestCaseExecutor.java:392)
	at com.kms.katalon.core.main.TestCaseExecutor.execute(TestCaseExecutor.java:273)
	at com.kms.katalon.core.main.TestSuiteExecutor.accessTestCaseMainPhase(TestSuiteExecutor.java:202)
	at com.kms.katalon.core.main.TestSuiteExecutor.accessTestSuiteMainPhase(TestSuiteExecutor.java:164)
	at com.kms.katalon.core.main.TestSuiteExecutor.execute(TestSuiteExecutor.java:105)
	at com.kms.katalon.core.main.TestCaseMain.startTestSuite(TestCaseMain.java:185)
	at com.kms.katalon.core.main.TestCaseMain$startTestSuite$0.call(Unknown Source)
	at TempTestSuite1635588546452.run(TempTestSuite1635588546452.groovy:36)]]></system-err>
      </testcase>
      <system-out><![CDATA[2021-10-30 17:09:16 - [TEST_SUITE][FAILED] - Test Suite: Test Cases/RunLoginFeature FAILED.
Reason:
com.kms.katalon.core.exception.StepFailedException: Run feature folder 'Include/features' failed
	at com.kms.katalon.core.keyword.internal.KeywordMain.stepFailed(KeywordMain.groovy:50)
	at com.kms.katalon.core.keyword.internal.KeywordMain.stepFailed(KeywordMain.groovy)
	at com.kms.katalon.core.keyword.internal.KeywordMain.stepFailed(KeywordMain.groovy:23)
	at com.kms.katalon.core.keyword.internal.KeywordMain$stepFailed$0.call(Unknown Source)
	at com.kms.katalon.core.cucumber.keyword.CucumberBuiltinKeywords$_runFeatureFolder_closure3.doCall(CucumberBuiltinKeywords.groovy:365)
	at com.kms.katalon.core.cucumber.keyword.CucumberBuiltinKeywords$_runFeatureFolder_closure3.doCall(CucumberBuiltinKeywords.groovy)
	at com.kms.katalon.core.keyword.internal.KeywordMain.runKeyword(KeywordMain.groovy:74)
	at com.kms.katalon.core.keyword.internal.KeywordMain.runKeyword(KeywordMain.groovy:68)
	at com.kms.katalon.core.keyword.internal.KeywordMain$runKeyword.call(Unknown Source)
	at com.kms.katalon.core.cucumber.keyword.CucumberBuiltinKeywords.runFeatureFolder(CucumberBuiltinKeywords.groovy:328)
	at com.kms.katalon.core.cucumber.keyword.CucumberBuiltinKeywords$runFeatureFolder$0.callStatic(Unknown Source)
	at com.kms.katalon.core.cucumber.keyword.CucumberBuiltinKeywords.runFeatureFolder(CucumberBuiltinKeywords.groovy:494)
	at com.kms.katalon.core.cucumber.keyword.CucumberBuiltinKeywords$runFeatureFolder.call(Unknown Source)
	at RunLoginFeature.run(RunLoginFeature:20)
	at com.kms.katalon.core.main.ScriptEngine.run(ScriptEngine.java:194)
	at com.kms.katalon.core.main.ScriptEngine.runScriptAsRawText(ScriptEngine.java:119)
	at com.kms.katalon.core.main.TestCaseExecutor.runScript(TestCaseExecutor.java:430)
	at com.kms.katalon.core.main.TestCaseExecutor.doExecute(TestCaseExecutor.java:421)
	at com.kms.katalon.core.main.TestCaseExecutor.processExecutionPhase(TestCaseExecutor.java:400)
	at com.kms.katalon.core.main.TestCaseExecutor.accessMainPhase(TestCaseExecutor.java:392)
	at com.kms.katalon.core.main.TestCaseExecutor.execute(TestCaseExecutor.java:273)
	at com.kms.katalon.core.main.TestSuiteExecutor.accessTestCaseMainPhase(TestSuiteExecutor.java:202)
	at com.kms.katalon.core.main.TestSuiteExecutor.accessTestSuiteMainPhase(TestSuiteExecutor.java:164)
	at com.kms.katalon.core.main.TestSuiteExecutor.execute(TestSuiteExecutor.java:105)
	at com.kms.katalon.core.main.TestCaseMain.startTestSuite(TestCaseMain.java:185)
	at com.kms.katalon.core.main.TestCaseMain$startTestSuite$0.call(Unknown Source)
	at TempTestSuite1635588546452.run(TempTestSuite1635588546452.groovy:36)]]></system-out>
      <system-err><![CDATA[2021-10-30 17:09:16 - [TEST_SUITE][FAILED] - Test Suite: Test Cases/RunLoginFeature FAILED.
Reason:
com.kms.katalon.core.exception.StepFailedException: Run feature folder 'Include/features' failed
	at com.kms.katalon.core.keyword.internal.KeywordMain.stepFailed(KeywordMain.groovy:50)
	at com.kms.katalon.core.keyword.internal.KeywordMain.stepFailed(KeywordMain.groovy)
	at com.kms.katalon.core.keyword.internal.KeywordMain.stepFailed(KeywordMain.groovy:23)
	at com.kms.katalon.core.keyword.internal.KeywordMain$stepFailed$0.call(Unknown Source)
	at com.kms.katalon.core.cucumber.keyword.CucumberBuiltinKeywords$_runFeatureFolder_closure3.doCall(CucumberBuiltinKeywords.groovy:365)
	at com.kms.katalon.core.cucumber.keyword.CucumberBuiltinKeywords$_runFeatureFolder_closure3.doCall(CucumberBuiltinKeywords.groovy)
	at com.kms.katalon.core.keyword.internal.KeywordMain.runKeyword(KeywordMain.groovy:74)
	at com.kms.katalon.core.keyword.internal.KeywordMain.runKeyword(KeywordMain.groovy:68)
	at com.kms.katalon.core.keyword.internal.KeywordMain$runKeyword.call(Unknown Source)
	at com.kms.katalon.core.cucumber.keyword.CucumberBuiltinKeywords.runFeatureFolder(CucumberBuiltinKeywords.groovy:328)
	at com.kms.katalon.core.cucumber.keyword.CucumberBuiltinKeywords$runFeatureFolder$0.callStatic(Unknown Source)
	at com.kms.katalon.core.cucumber.keyword.CucumberBuiltinKeywords.runFeatureFolder(CucumberBuiltinKeywords.groovy:494)
	at com.kms.katalon.core.cucumber.keyword.CucumberBuiltinKeywords$runFeatureFolder.call(Unknown Source)
	at RunLoginFeature.run(RunLoginFeature:20)
	at com.kms.katalon.core.main.ScriptEngine.run(ScriptEngine.java:194)
	at com.kms.katalon.core.main.ScriptEngine.runScriptAsRawText(ScriptEngine.java:119)
	at com.kms.katalon.core.main.TestCaseExecutor.runScript(TestCaseExecutor.java:430)
	at com.kms.katalon.core.main.TestCaseExecutor.doExecute(TestCaseExecutor.java:421)
	at com.kms.katalon.core.main.TestCaseExecutor.processExecutionPhase(TestCaseExecutor.java:400)
	at com.kms.katalon.core.main.TestCaseExecutor.accessMainPhase(TestCaseExecutor.java:392)
	at com.kms.katalon.core.main.TestCaseExecutor.execute(TestCaseExecutor.java:273)
	at com.kms.katalon.core.main.TestSuiteExecutor.accessTestCaseMainPhase(TestSuiteExecutor.java:202)
	at com.kms.katalon.core.main.TestSuiteExecutor.accessTestSuiteMainPhase(TestSuiteExecutor.java:164)
	at com.kms.katalon.core.main.TestSuiteExecutor.execute(TestSuiteExecutor.java:105)
	at com.kms.katalon.core.main.TestCaseMain.startTestSuite(TestCaseMain.java:185)
	at com.kms.katalon.core.main.TestCaseMain$startTestSuite$0.call(Unknown Source)
	at TempTestSuite1635588546452.run(TempTestSuite1635588546452.groovy:36)]]></system-err>
   </testsuite>
</testsuites>
